C:\Program Files\Microsoft Visual Studio\2022\Community\MSBuild\Microsoft\VC\v170\Microsoft.CppBuild.targets(517,5): warning MSB8028: The intermediate directory (x64\Debug\) contains files shared from another project (ConsoleApplication95.vcxproj).  This can lead to incorrect clean and rebuild behavior.
  OOP Bank Project.cpp
C:\Users\Ahmad JR\Downloads\Large Console Projects\Secure Object-Oriented Banking System\ConsoleApplication95\clsString.h(158,1): warning C4267: '=': conversion from 'size_t' to 'short', possible loss of data
C:\Users\Ahmad JR\Downloads\Large Console Projects\Secure Object-Oriented Banking System\ConsoleApplication95\clsString.h(179,1): warning C4267: '=': conversion from 'size_t' to 'short', possible loss of data
C:\Users\Ahmad JR\Downloads\Large Console Projects\Secure Object-Oriented Banking System\ConsoleApplication95\clsString.h(203,1): warning C4267: '=': conversion from 'size_t' to 'short', possible loss of data
C:\Users\Ahmad JR\Downloads\Large Console Projects\Secure Object-Oriented Banking System\ConsoleApplication95\clsString.h(232,1): warning C4267: 'initializing': conversion from 'size_t' to 'short', possible loss of data
C:\Users\Ahmad JR\Downloads\Large Console Projects\Secure Object-Oriented Banking System\ConsoleApplication95\clsString.h(269,1): warning C4267: 'initializing': conversion from 'size_t' to 'short', possible loss of data
C:\Users\Ahmad JR\Downloads\Large Console Projects\Secure Object-Oriented Banking System\ConsoleApplication95\clsString.h(274,1): warning C4267: '=': conversion from 'size_t' to 'short', possible loss of data
C:\Users\Ahmad JR\Downloads\Large Console Projects\Secure Object-Oriented Banking System\ConsoleApplication95\clsDate.h(41,1): warning C4267: '=': conversion from 'size_t' to 'short', possible loss of data
C:\Users\Ahmad JR\Downloads\Large Console Projects\Secure Object-Oriented Banking System\ConsoleApplication95\clsDate.h(173,11): warning C4244: 'initializing': conversion from 'double' to 'short', possible loss of data
C:\Users\Ahmad JR\Downloads\Large Console Projects\Secure Object-Oriented Banking System\ConsoleApplication95\clsUser.h(163,2): warning C4240: nonstandard extension used: access to 'clsUser::stLoginLogs' now defined to be 'public', previously it was defined to be 'private'
C:\Users\Ahmad JR\Downloads\Large Console Projects\Secure Object-Oriented Banking System\ConsoleApplication95\clsUser.h(18,9): message : see declaration of 'clsUser::stLoginLogs'
C:\Users\Ahmad JR\Downloads\Large Console Projects\Secure Object-Oriented Banking System\ConsoleApplication95\clsBankClient.h(189,2): warning C4240: nonstandard extension used: access to 'clsBankClient::stTransferLog' now defined to be 'public', previously it was defined to be 'private'
C:\Users\Ahmad JR\Downloads\Large Console Projects\Secure Object-Oriented Banking System\ConsoleApplication95\clsBankClient.h(20,9): message : see declaration of 'clsBankClient::stTransferLog'
C:\Users\Ahmad JR\Downloads\Large Console Projects\Secure Object-Oriented Banking System\ConsoleApplication95\clsAddNewClientScreen.h(30,56): warning C4244: 'argument': conversion from 'double' to 'float', possible loss of data
C:\Users\Ahmad JR\Downloads\Large Console Projects\Secure Object-Oriented Banking System\ConsoleApplication95\clsUpdateClientScreen.h(30,56): warning C4244: 'argument': conversion from 'double' to 'float', possible loss of data
C:\Users\Ahmad JR\Downloads\Large Console Projects\Secure Object-Oriented Banking System\ConsoleApplication95\clsDepositScreen.h(53,23): warning C4244: 'initializing': conversion from 'double' to 'float', possible loss of data
C:\Users\Ahmad JR\Downloads\Large Console Projects\Secure Object-Oriented Banking System\ConsoleApplication95\clsWithdrawScreen.h(53,23): warning C4244: 'initializing': conversion from 'double' to 'float', possible loss of data
C:\Users\Ahmad JR\Downloads\Large Console Projects\Secure Object-Oriented Banking System\ConsoleApplication95\clsTotalBalances.h(63,60): warning C4244: 'argument': conversion from 'double' to 'int', possible loss of data
C:\Users\Ahmad JR\Downloads\Large Console Projects\Secure Object-Oriented Banking System\ConsoleApplication95\clsTransfer.h(55,16): warning C4244: 'initializing': conversion from 'double' to 'float', possible loss of data
C:\Users\Ahmad JR\Downloads\Large Console Projects\Secure Object-Oriented Banking System\ConsoleApplication95\clsFindCurrencyScreen.h(44,13): warning C4129: 'C': unrecognized character escape sequence
C:\Users\Ahmad JR\Downloads\Large Console Projects\Secure Object-Oriented Banking System\ConsoleApplication95\clsFindCurrencyScreen.h(49,13): warning C4129: 'C': unrecognized character escape sequence
C:\Users\Ahmad JR\Downloads\Large Console Projects\Secure Object-Oriented Banking System\ConsoleApplication95\clsFindCurrencyScreen.h(64,12): warning C4129: 'C': unrecognized character escape sequence
C:\Users\Ahmad JR\Downloads\Large Console Projects\Secure Object-Oriented Banking System\ConsoleApplication95\clsFindCurrencyScreen.h(69,12): warning C4129: 'C': unrecognized character escape sequence
C:\Users\Ahmad JR\Downloads\Large Console Projects\Secure Object-Oriented Banking System\ConsoleApplication95\clsUpdateCurrencyRate.h(18,47): warning C4244: 'return': conversion from 'double' to 'float', possible loss of data
C:\Users\Ahmad JR\Downloads\Large Console Projects\Secure Object-Oriented Banking System\ConsoleApplication95\clsCalculatorScreen.h(91,29): warning C4244: 'argument': conversion from 'double' to 'float', possible loss of data
C:\Users\Ahmad JR\Downloads\Large Console Projects\Secure Object-Oriented Banking System\ConsoleApplication95\clsLoginScreen.h(58): warning C4715: 'clsLoginScreen::_Login': not all control paths return a value
C:\Users\Ahmad JR\Downloads\Large Console Projects\Secure Object-Oriented Banking System\ConsoleApplication95\clsDate.h(696): warning C4715: 'clsDate::GetCurrentTime': not all control paths return a value
C:\Users\Ahmad JR\Downloads\Large Console Projects\Secure Object-Oriented Banking System\ConsoleApplication95\clsBankClient.h(381): warning C4715: 'clsBankClient::Save': not all control paths return a value
C:\Users\Ahmad JR\Downloads\Large Console Projects\Secure Object-Oriented Banking System\ConsoleApplication95\clsUser.h(350): warning C4715: 'clsUser::Save': not all control paths return a value
C:\Users\Ahmad JR\Downloads\Large Console Projects\Secure Object-Oriented Banking System\ConsoleApplication95\clsCurrency.h(157): warning C4715: 'clsCurrency::FindByCode': not all control paths return a value
C:\Users\Ahmad JR\Downloads\Large Console Projects\Secure Object-Oriented Banking System\ConsoleApplication95\clsCurrency.h(188): warning C4715: 'clsCurrency::FindByCountry': not all control paths return a value
  ConsoleApplication95.vcxproj -> C:\Users\Ahmad JR\Downloads\Large Console Projects\Secure Object-Oriented Banking System\x64\Debug\OOP Bank Project.exe
